[debug] [2019-08-13T08:52:42.295Z] ----------------------------------------------------------------------
[debug] [2019-08-13T08:52:42.298Z] Command:       C:\Program Files\nodejs\node.exe C:\Users\shichell\AppData\Roaming\npm\node_modules\firebase-tools\lib\bin\firebase.js init
[debug] [2019-08-13T08:52:42.298Z] CLI Version:   7.2.1
[debug] [2019-08-13T08:52:42.298Z] Platform:      win32
[debug] [2019-08-13T08:52:42.298Z] Node Version:  v8.3.0
[debug] [2019-08-13T08:52:42.299Z] Time:          Tue Aug 13 2019 12:52:42 GMT+0400 (Arabian Standard Time)
[debug] [2019-08-13T08:52:42.299Z] ----------------------------------------------------------------------
[debug] 
[debug] [2019-08-13T08:52:42.311Z] > command requires scopes: ["email","openid","https://www.googleapis.com/auth/cloudplatformprojects.readonly","https://www.googleapis.com/auth/firebase","https://www.googleapis.com/auth/cloud-platform"]
[debug] [2019-08-13T08:52:42.311Z] > authorizing via signed-in user
[info] 
     ######## #### ########  ######## ########     ###     ######  ########
     ##        ##  ##     ## ##       ##     ##  ##   ##  ##       ##
     ######    ##  ########  ######   ########  #########  ######  ######
     ##        ##  ##    ##  ##       ##     ## ##     ##       ## ##
     ##       #### ##     ## ######## ########  ##     ##  ######  ########

You're about to initialize a Firebase project in this directory:

  C:\Users\shichell\Desktop\carpool

Before we get started, keep in mind:

  * You are initializing in an existing Firebase project directory

